<?xml version="1.0" encoding="UTF-8"?>
<!-- Generated by org.testng.reporters.JUnitXMLReporter -->
<testsuite hostname="DESKTOP-IM24CK1" ignored="1" name="ChromeTest" tests="3" failures="2" timestamp="2020-12-28T08:35:26 IST" time="64.71" errors="0">
  <testcase name="ValidLoginLogout" time="12.844" classname="com_ActiTime_Tests.ValidLoginLogoutTest">
    <failure type="java.lang.AssertionError" message="null">
      <![CDATA[java.lang.AssertionError: null
at com_ActiTime_Generic.BasePage.verifyTitle(BasePage.java:32)
at com_ActiTime_Tests.ValidLoginLogoutTest.ValidLoginLogout(ValidLoginLogoutTest.java:30)
at java.util.ArrayList.forEach(Unknown Source)
at java.util.concurrent.FutureTask.run(Unknown Source)
at java.util.concurrent.ThreadPoolExecutor.runWorker(Unknown Source)
at java.util.concurrent.ThreadPoolExecutor$Worker.run(Unknown Source)
at java.lang.Thread.run(Unknown Source)
... Removed 20 stack frames]]>
    </failure>
  </testcase> <!-- ValidLoginLogout -->
  <testcase name="ValidLoginLogout" time="11.441" classname="com_ActiTime_Tests.ValidLoginLogoutTest">
    <failure type="java.lang.AssertionError" message="null">
      <![CDATA[java.lang.AssertionError: null
at com_ActiTime_Generic.BasePage.verifyTitle(BasePage.java:32)
at com_ActiTime_Tests.ValidLoginLogoutTest.ValidLoginLogout(ValidLoginLogoutTest.java:30)
at java.util.ArrayList.forEach(Unknown Source)
at java.util.concurrent.FutureTask.run(Unknown Source)
at java.util.concurrent.ThreadPoolExecutor.runWorker(Unknown Source)
at java.util.concurrent.ThreadPoolExecutor$Worker.run(Unknown Source)
at java.lang.Thread.run(Unknown Source)
... Removed 20 stack frames]]>
    </failure>
  </testcase> <!-- ValidLoginLogout -->
  <testcase name="verifyversion" time="0.583" classname="com_ActiTime_Tests.VerifyversionTest"/>
  <testcase name="invalidLogin" time="0.0" classname="com_ActiTime_Tests.InvalidLoginTest">
    <ignored/>
  </testcase> <!-- invalidLogin -->
</testsuite> <!-- ChromeTest -->
