<?xml version="1.0" encoding="UTF-8"?>
<!-- Generated by org.testng.reporters.JUnitXMLReporter -->
<testsuite hostname="DESKTOP-IM24CK1" ignored="1" name="FirefoxTest" tests="1" failures="0" timestamp="2020-12-28T08:35:31 IST" time="69.573" errors="0">
  <testcase name="verifyversion" time="0.358" classname="com_ActiTime_Tests.VerifyversionTest"/>
  <testcase name="invalidLogin" time="0.0" classname="com_ActiTime_Tests.InvalidLoginTest">
    <ignored/>
  </testcase> <!-- invalidLogin -->
</testsuite> <!-- FirefoxTest -->
