<?xml version="1.0" encoding="UTF-8"?>
<!-- Generated by org.testng.reporters.JUnitXMLReporter -->
<testsuite hostname="DESKTOP-IM24CK1" ignored="0" name="Test" tests="3" failures="2" timestamp="2020-12-28T08:26:37 IST" time="120.675" errors="0">
  <testcase name="@AfterMethod postcondition" time="12.383" classname="com_ActiTime_Generic.BaseTest">
    <failure type="java.lang.RuntimeException" message="Unexpected result for screenshot command: null">
      <![CDATA[java.lang.RuntimeException: Unexpected result for screenshot command: null
at org.openqa.selenium.remote.RemoteWebDriver.getScreenshotAs(RemoteWebDriver.java:304)
at com_ActiTime_Generic.GenericUtils.getScreenShot(GenericUtils.java:17)
at com_ActiTime_Generic.BaseTest.postcondition(BaseTest.java:36)
at java.util.ArrayList.forEach(Unknown Source)
... Removed 31 stack frames]]>
    </failure>
  </testcase> <!-- @AfterMethod postcondition -->
  <testcase name="invalidLogin" time="41.065" classname="com_ActiTime_Tests.InvalidLoginTest">
    <failure type="java.lang.AssertionError" message="null">
      <![CDATA[java.lang.AssertionError: null
at com_ActiTime_Generic.BasePage.verifyElement(BasePage.java:48)
at com_ActiTime_Pages.LoginPage.verifyErrorMessage(LoginPage.java:52)
at com_ActiTime_Tests.InvalidLoginTest.invalidLogin(InvalidLoginTest.java:34)
at java.util.ArrayList.forEach(Unknown Source)
... Removed 28 stack frames]]>
    </failure>
  </testcase> <!-- invalidLogin -->
  <testcase name="ValidLoginLogout" time="10.896" classname="com_ActiTime_Tests.ValidLoginLogoutTest">
    <failure type="java.lang.AssertionError" message="null">
      <![CDATA[java.lang.AssertionError: null
at com_ActiTime_Generic.BasePage.verifyTitle(BasePage.java:32)
at com_ActiTime_Tests.ValidLoginLogoutTest.ValidLoginLogout(ValidLoginLogoutTest.java:30)
at java.util.ArrayList.forEach(Unknown Source)
... Removed 28 stack frames]]>
    </failure>
  </testcase> <!-- ValidLoginLogout -->
  <testcase name="verifyversion" time="0.455" classname="com_ActiTime_Tests.VerifyversionTest"/>
</testsuite> <!-- Test -->
